<?xml version="1.0" encoding="UTF-8"?>
<!-- Generated by org.testng.reporters.JUnitReportReporter -->
<testsuite hostname="IT-053-19" failures="0" tests="1" name="configurations.Login_Verification" time="9.441" errors="0" timestamp="2021-01-26T17:50:52 PKT" skipped="0">
  <testcase classname="configurations.Login_Verification" name="login" time="9.441"/>
  <system-out/>
</testsuite> <!-- configurations.Login_Verification -->
